<?xml version="1.0" encoding="UTF-8"?>
<!-- Generated by org.testng.reporters.JUnitReportReporter -->
<testsuite hostname="Ajeet" failures="0" tests="3" name="com.learning_TestNG.Learning_Enabled_Attribute" time="0.018" errors="0" timestamp="2024-01-27T23:49:51 IST" skipped="1">
  <testcase classname="com.learning_TestNG.Learning_Enabled_Attribute" name="loginTest" time="0.016"/>
  <system-out>
    <![CDATA[Executing Login Test Case...]]>
  </system-out>
  <testcase classname="com.learning_TestNG.Learning_Enabled_Attribute" name="registerTest" time="0.002"/>
  <system-out>
    <![CDATA[Executing Register Test Case...]]>
  </system-out>
  <testcase classname="com.learning_TestNG.Learning_Enabled_Attribute" name="searchTest">
    <skipped/>
  </testcase> <!-- searchTest -->
  <system-out/>
</testsuite> <!-- com.learning_TestNG.Learning_Enabled_Attribute -->
