<?xml version="1.0" encoding="UTF-8"?>
<!-- Generated by org.testng.reporters.JUnitReportReporter -->
<testsuite hostname="Ajeet" failures="0" tests="3" name="com.learning_TestNG.Learning_Depends_On_Methods_Attribute" time="0.015" errors="0" timestamp="2024-01-27T23:42:31 IST" skipped="0">
  <testcase classname="com.learning_TestNG.Learning_Depends_On_Methods_Attribute" name="registerTest" time="0.012"/>
  <system-out>
    <![CDATA[Executing Register Test Case...]]>
  </system-out>
  <testcase classname="com.learning_TestNG.Learning_Depends_On_Methods_Attribute" name="searchTest" time="0.002"/>
  <system-out>
    <![CDATA[Executing Search Test Case...]]>
  </system-out>
  <testcase classname="com.learning_TestNG.Learning_Depends_On_Methods_Attribute" name="loginTest" time="0.001"/>
  <system-out>
    <![CDATA[Executing Login Test Case...]]>
  </system-out>
</testsuite> <!-- com.learning_TestNG.Learning_Depends_On_Methods_Attribute -->
