<?xml version="1.0" encoding="UTF-8"?>
<!-- Generated by org.testng.reporters.JUnitReportReporter -->
<testsuite hostname="Ajeet" failures="0" tests="1" name="com.TestScript.Login_test" time="7.667" errors="0" timestamp="2024-01-28T01:59:13 IST" skipped="0">
  <testcase classname="com.TestScript.Login_test" name="loginTest" time="7.667"/>
  <system-out/>
</testsuite> <!-- com.TestScript.Login_test -->
