<?xml version="1.0" encoding="UTF-8"?>
<!-- Generated by org.testng.reporters.JUnitReportReporter -->
<testsuite hostname="Ajeet" failures="0" tests="3" name="com.learning_TestNG.First_TestNG_Class" time="0.018" errors="0" timestamp="2024-01-27T23:20:59 IST" skipped="0">
  <testcase classname="com.learning_TestNG.First_TestNG_Class" name="searchTest" time="0.003"/>
  <system-out>
    <![CDATA[Executing Register Test Case...]]>
  </system-out>
  <testcase classname="com.learning_TestNG.First_TestNG_Class" name="loginTest" time="0.011"/>
  <system-out>
    <![CDATA[Executing Register Test Case...]]>
  </system-out>
  <testcase classname="com.learning_TestNG.First_TestNG_Class" name="registerTest" time="0.004"/>
  <system-out>
    <![CDATA[Executing Register Test Case...]]>
  </system-out>
</testsuite> <!-- com.learning_TestNG.First_TestNG_Class -->
