<?xml version="1.0" encoding="UTF-8"?>
<!-- Generated by org.testng.reporters.JUnitReportReporter -->
<testsuite hostname="Ajeet" failures="0" tests="1" name="com.learning_TestNG.Learning_POm_Classes" time="16.122" errors="0" timestamp="2024-02-03T11:55:51 IST" skipped="0">
  <testcase classname="com.learning_TestNG.Learning_POm_Classes" name="loginTest" time="16.122"/>
  <system-out/>
</testsuite> <!-- com.learning_TestNG.Learning_POm_Classes -->
