<?xml version="1.0" encoding="UTF-8"?>
<!-- Generated by org.testng.reporters.JUnitReportReporter -->
<testsuite hostname="Ajeet" failures="0" tests="1" name="com.learning_TestNG.Learning_Extent_Report" time="10.050" errors="0" timestamp="2024-02-03T13:57:11 IST" skipped="0">
  <testcase classname="com.learning_TestNG.Learning_Extent_Report" name="loginTest" time="10.050"/>
  <system-out/>
</testsuite> <!-- com.learning_TestNG.Learning_Extent_Report -->
